{"total": {"lines":{"total":3593,"covered":2723,"skipped":0,"pct":75.78},"statements":{"total":3593,"covered":2723,"skipped":0,"pct":75.78},"functions":{"total":69,"covered":61,"skipped":0,"pct":88.4},"branches":{"total":1168,"covered":835,"skipped":0,"pct":71.48},"branchesTrue":{"total":0,"covered":0,"skipped":0,"pct":100}}
,"/Users/jarkko/_dev/iris-v0/src/eval.ts": {"lines":{"total":1538,"covered":1087,"skipped":0,"pct":70.67},"functions":{"total":28,"covered":24,"skipped":0,"pct":85.71},"statements":{"total":1538,"covered":1087,"skipped":0,"pct":70.67},"branches":{"total":484,"covered":311,"skipped":0,"pct":64.25}}
,"/Users/jarkko/_dev/iris-v0/src/main.ts": {"lines":{"total":165,"covered":114,"skipped":0,"pct":69.09},"functions":{"total":6,"covered":4,"skipped":0,"pct":66.66},"statements":{"total":165,"covered":114,"skipped":0,"pct":69.09},"branches":{"total":32,"covered":29,"skipped":0,"pct":90.62}}
,"/Users/jarkko/_dev/iris-v0/src/sexp.ts": {"lines":{"total":788,"covered":660,"skipped":0,"pct":83.75},"functions":{"total":17,"covered":16,"skipped":0,"pct":94.11},"statements":{"total":788,"covered":660,"skipped":0,"pct":83.75},"branches":{"total":222,"covered":192,"skipped":0,"pct":86.48}}
,"/Users/jarkko/_dev/iris-v0/src/typecheck.ts": {"lines":{"total":1048,"covered":813,"skipped":0,"pct":77.57},"functions":{"total":12,"covered":11,"skipped":0,"pct":91.66},"statements":{"total":1048,"covered":813,"skipped":0,"pct":77.57},"branches":{"total":419,"covered":296,"skipped":0,"pct":70.64}}
,"/Users/jarkko/_dev/iris-v0/src/runtime/process.ts": {"lines":{"total":54,"covered":49,"skipped":0,"pct":90.74},"functions":{"total":6,"covered":6,"skipped":0,"pct":100},"statements":{"total":54,"covered":49,"skipped":0,"pct":90.74},"branches":{"total":11,"covered":7,"skipped":0,"pct":63.63}}
}
