{"total": {"lines":{"total":3428,"covered":2323,"skipped":0,"pct":67.76},"statements":{"total":3428,"covered":2323,"skipped":0,"pct":67.76},"functions":{"total":68,"covered":58,"skipped":0,"pct":85.29},"branches":{"total":964,"covered":665,"skipped":0,"pct":68.98},"branchesTrue":{"total":0,"covered":0,"skipped":0,"pct":100}}
,"/Users/jarkko/_dev/iris-v0/src/eval.ts": {"lines":{"total":1482,"covered":807,"skipped":0,"pct":54.45},"functions":{"total":28,"covered":22,"skipped":0,"pct":78.57},"statements":{"total":1482,"covered":807,"skipped":0,"pct":54.45},"branches":{"total":337,"covered":192,"skipped":0,"pct":56.97}}
,"/Users/jarkko/_dev/iris-v0/src/main.ts": {"lines":{"total":161,"covered":110,"skipped":0,"pct":68.32},"functions":{"total":6,"covered":4,"skipped":0,"pct":66.66},"statements":{"total":161,"covered":110,"skipped":0,"pct":68.32},"branches":{"total":30,"covered":27,"skipped":0,"pct":90}}
,"/Users/jarkko/_dev/iris-v0/src/sexp.ts": {"lines":{"total":777,"covered":649,"skipped":0,"pct":83.52},"functions":{"total":17,"covered":16,"skipped":0,"pct":94.11},"statements":{"total":777,"covered":649,"skipped":0,"pct":83.52},"branches":{"total":220,"covered":189,"skipped":0,"pct":85.9}}
,"/Users/jarkko/_dev/iris-v0/src/typecheck.ts": {"lines":{"total":954,"covered":708,"skipped":0,"pct":74.21},"functions":{"total":11,"covered":10,"skipped":0,"pct":90.9},"statements":{"total":954,"covered":708,"skipped":0,"pct":74.21},"branches":{"total":366,"covered":250,"skipped":0,"pct":68.3}}
,"/Users/jarkko/_dev/iris-v0/src/runtime/process.ts": {"lines":{"total":54,"covered":49,"skipped":0,"pct":90.74},"functions":{"total":6,"covered":6,"skipped":0,"pct":100},"statements":{"total":54,"covered":49,"skipped":0,"pct":90.74},"branches":{"total":11,"covered":7,"skipped":0,"pct":63.63}}
}
